examination_graph:graph_alexnet_n_pipe
userspace
800000000
1800000
1416000
/data/data/com.termux/files/home/ARMCL-RockPi//graphs/graph_alexnet_n_pipe --threads=2  --threads2=4  --target=CL    --n=60 --save=0 --annotate=0 --partition_point=100 --partition_point2=100 --order=G --layer_time=0   

/data/data/com.termux/files/home/ARMCL-RockPi//graphs/graph_alexnet_n_pipe

hi
Threads : 0
Small Cores Threads : 0
Target : Neon
Data type : F32
Data layout : NHWC
Tuner enabled? : false
Cache enabled? : false
Tuner mode : Normal
Tuner file : 
MLGO file : 
Fast math enabled? : false
Image file : 
Labels file : 
Partition point is : 0
Second partition point is : 0
Order is : B-L-G
Total number of cores is : 6
Run network for 1 times.
Layer timing: 0

Threads : 2
Small Cores Threads : 4
Target : CL
Data type : F32
Data layout : NHWC
Tuner enabled? : false
Cache enabled? : true
Tuner mode : Normal
Tuner file : 
MLGO file : 
Fast math enabled? : false
Image file : 
Labels file : 
Partition point is : 100
Second partition point is : 100
Order is : GGGGGGGG
Total number of cores is : 6
Run network for 60 times.
Layer timing: 0

Start_Layer:0 	 End layer:7
 set:2 7 8 11 15 16 17 19 
Total layers:8



Cost0:107.87
input0_time:0.235749
task0_time:1.90084
output0_time:105.728
total0_time:107.865
***************************************

Frame Latency: 0

Test passed
examination_graph:graph_googlenet_n_pipe
userspace
800000000
1800000
1416000
/data/data/com.termux/files/home/ARMCL-RockPi//graphs/graph_googlenet_n_pipe --threads=2  --threads2=4  --target=CL    --n=60 --save=0 --annotate=0 --partition_point=100 --partition_point2=100 --order=G --layer_time=0   

/data/data/com.termux/files/home/ARMCL-RockPi//graphs/graph_googlenet_n_pipe

Threads : 2
Small Cores Threads : 4
Target : CL
Data type : F32
Data layout : NHWC
Tuner enabled? : false
Cache enabled? : true
Tuner mode : Normal
Tuner file : 
MLGO file : 
Fast math enabled? : false
Image file : 
Labels file : 
Partition point is : 100
Second partition point is : 100
Order is : GGGGGGGGGGGGG
Total number of cores is : 6
Run network for 60 times.
Layer timing: 0

Start_Layer:0 	 End layer:12
 set:2 3 6 14 23 31 39 47 55 64 72 81 83 
Total layers:13

start running graph 0


Cost0:166.749
input0_time:0.245185
task0_time:10.6402
output0_time:155.86
total0_time:166.746
***************************************

Frame Latency: 0

Test passed
examination_graph:graph_mobilenet_n_pipe
userspace
800000000
1800000
1416000
/data/data/com.termux/files/home/ARMCL-RockPi//graphs/graph_mobilenet_n_pipe --threads=2  --threads2=4  --target=CL    --n=60 --save=0 --annotate=0 --partition_point=100 --partition_point2=100 --order=G --layer_time=0   

/data/data/com.termux/files/home/ARMCL-RockPi//graphs/graph_mobilenet_n_pipe

Threads : 2
Small Cores Threads : 4
Target : CL
Data type : F32
Data layout : NHWC
Tuner enabled? : false
Cache enabled? : true
Tuner mode : Normal
Tuner file : 
MLGO file : 
Fast math enabled? : false
Image file : 
Labels file : 
Partition point is : 100
Second partition point is : 100
Order is : GGGGGGGGGGGGGGGGGGGGGGGGGGGG
Total number of cores is : 6
Run network for 60 times.
Layer timing: 0

Start_Layer:0 	 End layer:27
 set:0 1 2 3 4 5 6 7 8 9 10 11 12 13 14 15 16 17 18 19 20 21 22 23 24 25 27 30 
Total layers:28

start running graph 0


Cost0:100.78
input0_time:0.232245
task0_time:3.16103
output0_time:97.384
total0_time:100.777
***************************************

Frame Latency: 0

Test passed
examination_graph:graph_squeezenet_n_pipe
userspace
800000000
1800000
1416000
/data/data/com.termux/files/home/ARMCL-RockPi//graphs/graph_squeezenet_n_pipe --threads=2  --threads2=4  --target=CL    --n=60 --save=0 --annotate=0 --partition_point=100 --partition_point2=100 --order=G --layer_time=0   

/data/data/com.termux/files/home/ARMCL-RockPi//graphs/graph_squeezenet_n_pipe

Threads : 2
Small Cores Threads : 4
Target : CL
Data type : F32
Data layout : NHWC
Tuner enabled? : false
Cache enabled? : true
Tuner mode : Normal
Tuner file : 
MLGO file : 
Fast math enabled? : false
Image file : 
Labels file : 
Partition point is : 100
Second partition point is : 100
Order is : GGGGGGGGGGGGGGGGGGG
Total number of cores is : 6
Run network for 60 times.
Layer timing: 0

Start_Layer:0 	 End layer:18
 set:1 2 5 6 9 10 14 15 18 19 22 23 26 27 31 32 35 37 39 
Total layers:19

start running graph 0


Cost0:87.8398
input0_time:0.237368
task0_time:7.75911
output0_time:79.8404
total0_time:87.8369
***************************************

Frame Latency: 0

Test passed
examination_graph:graph_resnet50_n_pipe
userspace
800000000
1800000
1416000
/data/data/com.termux/files/home/ARMCL-RockPi//graphs/graph_resnet50_n_pipe --threads=2  --threads2=4  --target=CL    --n=60 --save=0 --annotate=0 --partition_point=100 --partition_point2=100 --order=G --layer_time=0   

/data/data/com.termux/files/home/ARMCL-RockPi//graphs/graph_resnet50_n_pipe

Threads : 2
Small Cores Threads : 4
Target : CL
Data type : F32
Data layout : NHWC
Tuner enabled? : false
Cache enabled? : true
Tuner mode : Normal
Tuner file : 
MLGO file : 
Fast math enabled? : false
Image file : 
Labels file : 
Partition point is : 100
Second partition point is : 100
Order is : GGGGGGGGGGGGGGGGGG
Total number of cores is : 6
Run network for 60 times.
Layer timing: 0

Start_Layer:0 	 End layer:17
 set:1 6 10 15 20 24 28 33 38 42 46 50 54 59 64 68 73 76 
Total layers:18

start running graph 0


Cost0:488.824
input0_time:0.239113
task0_time:7.72258
output0_time:480.859
total0_time:488.821
***************************************

Frame Latency: 0

Test passed
